1360
0 2 0 15
0 16 0 29
0 36 0 48
0 50 0 61
0 63 0 74
0 80 0 91
0 93 0 106
0 107 0 119
0 124 0 137
0 138 0 150
0 151 0 164
0 168 0 181
0 186 0 199
0 208 0 219
0 222 0 235
0 236 0 249
0 251 0 262
0 263 0 276
0 277 0 290
0 294 0 307
0 311 0 324
0 330 0 341
0 344 0 357
0 358 0 369
0 370 0 383
0 387 0 400
0 402 0 415
0 416 0 429
0 430 0 443
0 451 0 464
0 468 0 481
0 484 0 497
1 2 1 13
1 14 1 27
1 37 1 49
1 50 1 61
1 62 1 73
1 74 1 87
1 88 1 100
1 101 1 114
1 120 1 133
1 135 1 148
1 151 1 164
1 172 1 183
1 184 1 195
1 200 1 212
1 213 1 225
1 228 1 239
1 240 1 251
1 254 1 267
1 274 1 285
1 288 1 299
1 300 1 313
1 321 1 334
1 341 1 352
1 356 1 368
1 369 1 382
1 383 1 395
1 396 1 409
1 415 1 428
1 429 1 442
1 447 1 458
1 459 1 470
1 471 1 484
1 486 1 499
2 2 2 15
2 16 2 29
2 30 2 42
2 43 2 56
2 57 2 68
2 69 2 80
2 81 2 92
2 93 2 105
2 106 2 119
2 120 2 132
2 133 2 145
2 146 2 158
2 159 2 170
2 171 2 182
2 183 2 196
2 197 2 210
2 211 2 224
2 253 2 266
2 267 2 280
2 281 2 294
2 298 2 311
2 318 2 331
2 334 2 347
2 351 2 364
2 373 2 384
2 385 2 397
2 398 2 409
2 410 2 422
2 428 2 439
2 440 2 451
2 452 2 465
2 466 2 478
2 479 2 492
3 0 3 13
3 14 3 27
3 28 3 41
3 60 3 73
3 87 3 100
3 101 3 112
3 117 3 128
3 131 3 143
3 145 3 158
3 161 3 174
3 175 3 186
3 189 3 202
3 203 3 214
3 217 3 230
3 232 3 245
3 253 3 264
3 268 3 281
3 282 3 293
3 294 3 307
3 308 3 320
3 321 3 334
3 339 3 352
3 353 3 366
3 367 3 380
3 381 3 394
3 405 3 418
3 424 3 436
3 437 3 449
3 452 3 465
3 467 3 480
3 486 3 499
4 8 4 21
4 23 4 34
4 35 4 48
4 49 4 60
4 61 4 74
4 77 4 90
4 91 4 104
4 106 4 117
4 119 4 132
4 136 4 149
4 152 4 165
4 168 4 181
4 182 4 195
4 196 4 209
4 210 4 223
4 231 4 244
4 245 4 258
4 259 4 272
4 273 4 286
4 294 4 307
4 308 4 321
4 324 4 337
4 344 4 357
4 373 4 385
4 386 4 398
4 401 4 412
4 413 4 424
4 425 4 436
4 437 4 450
4 451 4 464
4 465 4 478
4 479 4 492
5 5 5 18
5 19 5 32
5 33 5 46
5 49 5 62
5 64 5 77
5 79 5 92
5 104 5 117
5 136 5 149
5 166 5 178
5 180 5 192
5 196 5 209
5 211 5 222
5 223 5 234
5 235 5 246
5 247 5 259
5 261 5 273
5 276 5 289
5 290 5 301
5 306 5 317
5 319 5 330
5 332 5 343
5 344 5 355
5 358 5 370
5 372 5 384
5 386 5 399
5 401 5 414
5 415 5 428
5 429 5 442
5 450 5 463
5 464 5 477
5 478 5 491
6 12 6 25
6 26 6 39
6 40 6 52
6 53 6 65
6 68 6 80
6 81 6 94
6 97 6 110
6 115 6 128
6 130 6 143
6 146 6 159
6 160 6 173
6 176 6 189
6 190 6 203
6 204 6 217
6 218 6 231
6 232 6 245
6 246 6 258
6 259 6 271
6 272 6 284
6 285 6 298
6 299 6 312
6 315 6 328
6 342 6 355
6 356 6 369
6 372 6 385
6 391 6 404
6 413 6 426
6 427 6 440
6 452 6 465
6 468 6 481
6 486 6 499
7 0 7 13
7 14 7 27
7 28 7 39
7 40 7 53
7 54 7 67
7 71 7 84
7 93 7 106
7 107 7 120
7 153 7 166
7 167 7 180
7 181 7 194
7 195 7 208
7 209 7 222
7 232 7 245
7 257 7 270
7 271 7 284
7 287 7 300
7 317 7 330
7 331 7 344
7 347 7 360
7 361 7 374
7 375 7 388
7 391 7 404
7 406 7 419
7 447 7 460
7 469 7 482
7 486 7 499
8 3 8 16
8 20 8 33
8 34 8 47
8 48 8 61
8 62 8 75
8 77 8 90
8 91 8 104
8 105 8 118
8 130 8 143
8 144 8 157
8 158 8 171
8 177 8 190
8 200 8 213
8 214 8 227
8 232 8 245
8 255 8 268
8 269 8 282
8 287 8 300
8 301 8 314
8 320 8 333
8 337 8 350
8 351 8 364
8 371 8 384
8 385 8 398
8 399 8 411
8 412 8 425
8 426 8 439
8 465 8 478
8 484 8 497
9 21 9 34
9 35 9 48
9 57 9 70
9 71 9 84
9 91 9 104
9 106 9 119
9 120 9 133
9 134 9 147
9 148 9 159
9 160 9 173
9 174 9 187
9 197 9 210
9 211 9 224
9 235 9 248
9 249 9 262
9 271 9 284
9 290 9 303
9 306 9 319
9 329 9 340
9 341 9 352
9 356 9 367
9 369 9 381
9 384 9 395
9 396 9 408
9 409 9 422
9 423 9 434
9 435 9 447
9 448 9 459
9 460 9 473
9 484 9 497
10 10 10 23
10 26 10 39
10 49 10 62
10 64 10 75
10 76 10 88
10 89 10 100
10 115 10 128
10 130 10 141
10 146 10 158
10 161 10 174
10 177 10 189
10 192 10 204
10 205 10 217
10 221 10 232
10 237 10 249
10 251 10 262
10 263 10 276
10 278 10 289
10 290 10 301
10 302 10 315
10 316 10 329
10 330 10 341
10 342 10 353
10 354 10 365
10 366 10 379
10 380 10 393
10 395 10 408
10 409 10 422
10 430 10 443
10 444 10 457
10 467 10 480
10 481 10 494
11 0 11 11
11 13 11 26
11 29 11 42
11 43 11 56
11 57 11 70
11 89 11 100
11 101 11 113
11 115 11 128
11 131 11 143
11 144 11 157
11 161 11 173
11 175 11 188
11 189 11 201
11 202 11 215
11 220 11 232
11 234 11 247
11 251 11 263
11 265 11 278
11 279 11 292
11 293 11 306
11 307 11 320
11 326 11 339
11 348 11 361
11 365 11 378
11 379 11 391
11 399 11 410
11 412 11 423
11 424 11 436
11 437 11 449
11 450 11 463
11 464 11 477
11 478 11 491
