4253
0 0 0 11
0 12 0 23
0 24 0 35
0 42 0 53
0 54 0 65
0 66 0 77
0 78 0 87
0 88 0 99
0 100 0 111
0 112 0 120
0 121 0 132
0 133 0 143
0 144 0 152
0 153 0 164
0 165 0 176
0 177 0 188
0 189 0 199
1 0 1 11
1 12 1 23
1 24 1 35
1 36 1 47
1 48 1 59
1 60 1 71
1 72 1 83
1 84 1 95
1 96 1 107
1 108 1 119
1 120 1 130
1 131 1 142
1 143 1 154
1 155 1 166
1 167 1 177
1 178 1 189
2 0 2 11
2 12 2 23
2 26 2 37
2 38 2 49
2 50 2 60
2 61 2 69
2 70 2 81
2 82 2 93
2 94 2 105
2 106 2 117
2 118 2 129
2 130 2 140
2 141 2 151
2 152 2 162
2 163 2 174
2 175 2 186
2 188 2 199
3 0 3 11
3 12 3 23
3 24 3 35
3 36 3 47
3 48 3 58
3 59 3 69
3 70 3 79
3 80 3 91
3 92 3 103
3 104 3 115
3 116 3 127
3 128 3 139
3 140 3 151
3 152 3 163
3 164 3 175
3 176 3 187
3 188 3 199
4 0 4 11
4 13 4 24
4 35 4 46
4 47 4 58
4 59 4 70
4 71 4 82
4 83 4 94
4 95 4 106
4 107 4 118
4 119 4 130
4 131 4 142
4 143 4 154
4 155 4 166
4 167 4 178
4 179 4 190
4 191 4 199
5 0 5 11
5 12 5 22
5 23 5 34
5 35 5 46
5 47 5 58
5 59 5 70
5 71 5 82
5 83 5 92
5 93 5 101
5 102 5 112
5 113 5 124
5 125 5 134
5 135 5 146
5 147 5 158
5 159 5 170
5 173 5 184
5 185 5 196
6 0 6 11
6 12 6 23
6 24 6 33
6 34 6 42
6 43 6 51
6 52 6 63
6 66 6 77
6 78 6 89
6 90 6 101
6 102 6 112
6 113 6 122
6 123 6 134
6 135 6 146
6 147 6 158
6 159 6 169
6 170 6 178
6 179 6 188
6 189 6 199
7 0 7 11
7 18 7 29
7 30 7 41
7 42 7 53
7 54 7 65
7 66 7 77
7 78 7 89
7 90 7 101
7 102 7 113
7 114 7 125
7 126 7 137
7 138 7 149
7 150 7 160
7 161 7 169
7 170 7 178
7 179 7 187
7 188 7 199
8 0 8 11
8 12 8 22
8 23 8 34
8 35 8 46
8 47 8 58
8 59 8 70
8 71 8 82
8 83 8 92
8 93 8 101
8 102 8 113
8 114 8 125
8 126 8 137
8 138 8 149
8 150 8 161
8 162 8 173
8 174 8 184
8 185 8 196
9 7 9 18
9 19 9 30
9 31 9 42
9 43 9 54
9 55 9 66
9 67 9 78
9 79 9 90
9 91 9 102
9 103 9 114
9 115 9 126
9 127 9 138
9 139 9 149
9 150 9 158
9 159 9 167
9 168 9 176
9 177 9 187
9 188 9 199
10 0 10 10
10 11 10 21
10 22 10 30
10 31 10 41
10 42 10 53
10 54 10 62
10 63 10 74
10 75 10 84
10 85 10 95
10 96 10 107
10 108 10 119
10 120 10 131
10 132 10 143
10 144 10 155
10 156 10 167
10 168 10 179
10 180 10 190
10 191 10 199
11 0 11 11
11 12 11 23
11 24 11 35
11 36 11 47
11 48 11 59
11 60 11 71
11 72 11 81
11 82 11 93
11 94 11 104
11 105 11 116
11 117 11 128
11 129 11 140
11 141 11 152
11 153 11 164
11 165 11 176
11 177 11 188
11 189 11 199
12 0 12 11
12 12 12 23
12 24 12 35
12 36 12 47
12 48 12 59
12 60 12 71
12 72 12 83
12 84 12 94
12 95 12 104
12 105 12 116
12 133 12 144
12 145 12 155
12 156 12 166
12 167 12 175
12 176 12 184
12 185 12 196
13 0 13 11
13 12 13 23
13 24 13 35
13 36 13 44
13 45 13 53
13 54 13 65
13 66 13 77
13 78 13 89
13 90 13 101
13 102 13 113
13 114 13 125
13 126 13 137
13 138 13 149
13 150 13 161
13 162 13 170
13 171 13 180
13 181 13 190
13 191 13 199
14 0 14 11
14 14 14 25
14 27 14 38
14 39 14 50
14 51 14 62
14 63 14 74
14 75 14 86
14 87 14 98
14 99 14 110
14 111 14 120
14 121 14 129
14 130 14 141
14 142 14 150
14 151 14 160
14 161 14 172
14 174 14 185
14 186 14 197
15 0 15 11
15 12 15 21
15 22 15 31
15 32 15 41
15 42 15 50
15 51 15 62
15 63 15 73
15 74 15 85
15 87 15 98
15 99 15 110
15 111 15 121
15 122 15 133
15 134 15 145
15 146 15 157
15 158 15 169
15 170 15 178
15 179 15 187
15 188 15 199
16 0 16 10
16 11 16 22
16 23 16 34
16 35 16 46
16 47 16 58
16 59 16 70
16 71 16 82
16 83 16 94
16 95 16 106
16 107 16 118
16 119 16 130
16 131 16 142
16 143 16 151
16 152 16 163
16 164 16 175
16 176 16 186
16 187 16 198
17 7 17 18
17 19 17 30
17 31 17 42
17 43 17 54
17 55 17 66
17 67 17 75
17 76 17 84
17 85 17 96
17 97 17 107
17 108 17 116
17 117 17 128
17 131 17 142
17 143 17 154
17 155 17 166
17 180 17 191
18 0 18 11
18 12 18 23
18 24 18 35
18 36 18 45
18 46 18 57
18 58 18 69
18 70 18 80
18 81 18 90
18 91 18 102
18 105 18 116
18 117 18 128
18 129 18 140
18 141 18 152
18 153 18 164
18 165 18 173
18 174 18 182
18 183 18 194
19 0 19 10
19 11 19 19
19 20 19 30
19 31 19 42
19 46 19 57
19 58 19 67
19 68 19 79
19 80 19 91
19 92 19 103
19 104 19 115
19 116 19 127
19 128 19 138
19 139 19 149
19 150 19 159
19 160 19 170
19 171 19 180
19 181 19 190
19 191 19 199
20 0 20 11
20 12 20 23
20 24 20 35
20 36 20 46
20 47 20 58
20 59 20 67
20 68 20 78
20 79 20 89
20 90 20 101
20 102 20 113
20 114 20 125
20 126 20 135
20 136 20 147
20 148 20 159
20 171 20 182
20 183 20 194
21 0 21 8
21 9 21 20
21 23 21 34
21 37 21 48
21 49 21 60
21 66 21 77
21 78 21 87
21 88 21 99
21 101 21 112
21 113 21 122
21 123 21 131
21 132 21 143
21 144 21 154
21 155 21 166
21 167 21 177
21 178 21 189
21 190 21 199
22 0 22 11
22 12 22 21
22 22 22 33
22 34 22 45
22 46 22 57
22 58 22 69
22 70 22 81
22 82 22 93
22 94 22 105
22 106 22 115
22 116 22 127
22 128 22 139
22 140 22 149
22 150 22 158
22 159 22 167
22 168 22 178
22 179 22 190
22 191 22 199
23 0 23 11
23 12 23 23
23 24 23 35
23 36 23 47
23 48 23 59
23 60 23 71
23 72 23 83
23 84 23 95
23 96 23 107
23 108 23 119
23 120 23 131
23 132 23 141
23 142 23 150
23 151 23 159
23 160 23 171
23 172 23 183
23 184 23 195
24 0 24 11
24 12 24 23
24 24 24 35
24 36 24 47
24 48 24 59
24 60 24 71
24 72 24 81
24 82 24 90
24 91 24 102
24 103 24 114
24 115 24 126
24 127 24 138
24 139 24 150
24 151 24 159
24 160 24 171
24 172 24 183
25 0 25 11
25 12 25 23
25 24 25 35
25 36 25 47
25 48 25 59
25 60 25 71
25 72 25 83
25 84 25 95
25 96 25 107
25 108 25 119
25 120 25 131
25 132 25 143
25 144 25 152
25 153 25 162
25 163 25 172
25 173 25 184
25 185 25 196
26 0 26 11
26 12 26 23
26 24 26 35
26 36 26 47
26 48 26 59
26 60 26 70
26 71 26 82
26 83 26 94
26 95 26 106
26 107 26 118
26 119 26 129
26 130 26 141
26 142 26 153
26 154 26 165
26 166 26 177
26 178 26 188
26 189 26 199
27 0 27 11
27 12 27 22
27 23 27 31
27 32 27 40
27 41 27 50
27 51 27 60
27 61 27 72
27 74 27 85
27 86 27 97
27 98 27 109
27 110 27 121
27 122 27 133
27 134 27 145
27 146 27 157
27 158 27 166
27 167 27 175
27 176 27 184
27 185 27 196
28 0 28 11
28 12 28 23
28 24 28 35
28 36 28 47
28 48 28 59
28 60 28 71
28 72 28 82
28 83 28 93
28 94 28 105
28 106 28 117
28 118 28 129
28 130 28 141
28 143 28 154
28 161 28 172
28 174 28 185
28 186 28 197
29 0 29 9
29 10 29 21
29 28 29 39
29 40 29 51
29 52 29 63
29 64 29 75
29 76 29 87
29 88 29 98
29 99 29 110
29 111 29 122
29 123 29 134
29 135 29 146
29 147 29 157
29 158 29 167
29 168 29 179
29 180 29 189
29 190 29 199
30 0 30 11
30 12 30 23
30 24 30 35
30 36 30 47
30 48 30 59
30 60 30 71
30 72 30 83
30 84 30 95
30 96 30 107
30 108 30 119
30 120 30 131
30 132 30 143
30 144 30 155
30 156 30 167
30 168 30 179
30 180 30 189
30 190 30 199
31 0 31 10
31 11 31 22
31 23 31 34
31 35 31 46
31 47 31 58
31 59 31 70
31 71 31 82
31 83 31 94
31 95 31 106
31 107 31 118
31 119 31 130
31 131 31 142
31 143 31 154
31 155 31 166
31 167 31 178
31 179 31 189
31 190 31 199
32 2 32 13
32 14 32 25
32 26 32 37
32 38 32 49
32 50 32 61
32 62 32 72
32 73 32 84
32 87 32 98
32 99 32 110
32 111 32 122
32 123 32 134
32 138 32 149
32 150 32 161
32 168 32 179
32 180 32 191
33 0 33 11
33 12 33 23
33 24 33 35
33 36 33 47
33 48 33 59
33 60 33 70
33 71 33 82
33 83 33 94
33 95 33 106
33 107 33 116
33 117 33 128
33 142 33 153
33 154 33 165
33 174 33 185
33 186 33 197
34 0 34 11
34 12 34 23
34 24 34 35
34 36 34 47
34 48 34 58
34 59 34 70
34 71 34 82
34 83 34 94
34 95 34 106
34 107 34 118
34 119 34 130
34 131 34 142
34 143 34 154
34 155 34 166
34 167 34 178
34 179 34 190
34 191 34 199
35 2 35 13
35 14 35 25
35 29 35 40
35 41 35 49
35 50 35 61
35 62 35 73
35 74 35 85
35 86 35 97
35 98 35 109
35 110 35 121
35 122 35 133
35 134 35 145
35 147 35 158
35 159 35 170
35 171 35 182
35 183 35 194
36 1 36 12
36 13 36 24
36 25 36 36
36 37 36 48
36 49 36 60
36 61 36 72
36 73 36 84
36 85 36 96
36 97 36 107
36 108 36 119
36 120 36 131
36 132 36 143
36 144 36 155
36 156 36 167
36 168 36 178
36 179 36 190
37 0 37 11
37 12 37 23
37 24 37 35
37 36 37 47
37 48 37 59
37 60 37 71
37 72 37 83
37 84 37 95
37 96 37 107
37 108 37 119
37 120 37 131
37 132 37 143
37 144 37 153
37 154 37 165
37 166 37 177
37 178 37 189
37 190 37 199
38 0 38 11
38 12 38 23
38 24 38 35
38 36 38 46
38 47 38 55
38 56 38 67
38 68 38 79
38 80 38 91
38 92 38 103
38 104 38 115
38 116 38 127
38 128 38 139
38 140 38 151
38 152 38 163
38 164 38 175
38 176 38 184
38 185 38 196
39 0 39 11
39 12 39 23
39 24 39 35
39 36 39 47
39 48 39 59
39 60 39 71
39 72 39 83
39 84 39 95
39 96 39 107
39 108 39 119
39 120 39 131
39 132 39 143
39 144 39 155
39 156 39 167
39 168 39 179
39 180 39 190
39 191 39 199
40 0 40 11
40 12 40 23
40 24 40 35
40 38 40 49
40 50 40 61
40 62 40 73
40 74 40 85
40 86 40 96
40 97 40 108
40 109 40 120
40 121 40 131
40 132 40 142
40 143 40 154
40 155 40 166
40 167 40 178
40 179 40 189
40 190 40 199
41 0 41 11
41 12 41 23
41 24 41 35
41 36 41 47
41 48 41 57
41 58 41 68
41 69 41 80
41 81 41 92
41 93 41 101
41 102 41 110
41 111 41 122
41 123 41 132
41 133 41 144
41 145 41 156
41 157 41 168
41 169 41 180
41 181 41 192
42 0 42 11
42 12 42 23
42 24 42 35
42 36 42 46
42 47 42 58
42 59 42 70
42 71 42 82
42 83 42 94
42 95 42 106
42 107 42 118
42 119 42 130
42 131 42 142
42 143 42 151
42 152 42 163
42 164 42 175
42 176 42 187
42 188 42 199
43 0 43 11
43 12 43 23
43 24 43 35
43 36 43 46
43 47 43 55
43 56 43 67
43 71 43 82
43 92 43 103
43 104 43 115
43 116 43 127
43 128 43 139
43 140 43 151
43 152 43 163
43 164 43 175
43 176 43 187
43 188 43 199
44 0 44 11
44 12 44 23
44 24 44 35
44 36 44 47
44 48 44 59
44 60 44 71
44 72 44 83
44 84 44 95
44 96 44 107
44 108 44 119
44 120 44 131
44 132 44 142
44 143 44 154
44 155 44 165
44 166 44 176
44 177 44 188
44 189 44 199
45 0 45 11
45 19 45 30
45 37 45 48
45 51 45 62
45 63 45 72
45 73 45 84
45 85 45 96
45 97 45 108
45 109 45 120
45 121 45 132
45 133 45 144
45 145 45 156
45 157 45 168
45 169 45 179
45 180 45 189
45 190 45 199
46 0 46 11
46 12 46 23
46 24 46 35
46 36 46 47
46 48 46 59
46 60 46 71
46 72 46 83
46 84 46 95
46 96 46 107
46 108 46 119
46 120 46 131
46 132 46 141
46 142 46 153
46 154 46 165
46 166 46 177
46 178 46 189
46 190 46 199
47 0 47 11
47 12 47 23
47 24 47 35
47 36 47 47
47 48 47 59
47 60 47 71
47 72 47 82
47 83 47 92
47 93 47 104
47 105 47 116
47 117 47 128
47 129 47 140
47 141 47 152
47 153 47 164
47 165 47 176
47 177 47 188
47 189 47 199
48 0 48 11
48 12 48 23
48 24 48 35
48 36 48 47
48 48 48 59
48 60 48 71
48 72 48 83
48 84 48 95
48 96 48 107
48 108 48 119
48 120 48 131
48 132 48 143
48 144 48 154
48 155 48 166
48 167 48 178
48 179 48 188
48 189 48 199
49 0 49 11
49 12 49 23
49 24 49 33
49 34 49 42
49 43 49 54
49 55 49 66
49 67 49 78
49 79 49 90
49 91 49 100
49 101 49 112
49 113 49 124
49 125 49 136
49 137 49 148
49 149 49 158
49 159 49 169
49 170 49 179
49 180 49 188
49 189 49 199
50 0 50 11
50 12 50 23
50 24 50 35
50 36 50 47
50 48 50 57
50 58 50 68
50 69 50 80
50 81 50 92
50 93 50 104
50 105 50 116
50 117 50 127
50 128 50 138
50 139 50 150
50 151 50 162
50 163 50 171
50 172 50 180
50 181 50 189
50 190 50 199
51 0 51 11
51 12 51 23
51 24 51 35
51 36 51 47
51 48 51 59
51 60 51 71
51 72 51 83
51 84 51 95
51 96 51 107
51 108 51 119
51 120 51 131
51 132 51 141
51 142 51 153
51 154 51 164
51 165 51 176
51 177 51 188
51 189 51 199
52 0 52 11
52 12 52 23
52 24 52 35
52 36 52 47
52 48 52 59
52 60 52 71
52 72 52 83
52 84 52 95
52 96 52 107
52 108 52 119
52 120 52 130
52 131 52 142
52 143 52 154
52 155 52 166
52 167 52 178
52 179 52 190
52 191 52 199
53 0 53 11
53 12 53 23
53 24 53 35
53 36 53 47
53 48 53 58
53 59 53 70
53 71 53 82
53 83 53 94
53 95 53 106
53 107 53 118
53 119 53 130
53 131 53 141
53 142 53 153
53 154 53 164
53 165 53 173
53 174 53 185
53 186 53 197
54 0 54 11
54 12 54 23
54 24 54 35
54 36 54 45
54 46 54 57
54 58 54 69
54 70 54 81
54 82 54 93
54 94 54 105
54 106 54 117
54 118 54 129
54 130 54 141
54 142 54 153
54 154 54 165
54 166 54 177
54 178 54 189
54 190 54 199
55 0 55 11
55 12 55 20
55 21 55 32
55 33 55 42
55 43 55 51
55 52 55 60
55 61 55 72
55 73 55 84
55 86 55 97
55 99 55 110
55 111 55 122
55 123 55 134
55 135 55 146
55 147 55 158
55 159 55 170
55 171 55 181
55 182 55 190
55 191 55 199
56 0 56 11
56 12 56 21
56 22 56 30
56 31 56 42
56 47 56 58
56 59 56 70
56 71 56 82
56 83 56 94
56 95 56 106
56 107 56 118
56 119 56 130
56 131 56 142
56 143 56 154
56 155 56 166
56 167 56 178
56 179 56 190
56 191 56 199
57 0 57 11
57 12 57 23
57 24 57 35
57 36 57 47
57 48 57 59
57 60 57 71
57 72 57 82
57 83 57 92
57 93 57 104
57 105 57 116
57 117 57 128
57 129 57 140
57 141 57 152
57 153 57 164
57 165 57 176
57 177 57 188
57 189 57 199
58 0 58 11
58 12 58 23
58 24 58 34
58 35 58 43
58 44 58 54
58 55 58 63
58 64 58 75
58 76 58 84
58 85 58 96
58 97 58 108
58 109 58 120
58 121 58 132
58 133 58 144
58 145 58 156
58 157 58 168
58 169 58 178
58 179 58 187
58 188 58 199
59 0 59 11
59 12 59 23
59 24 59 35
59 36 59 47
59 48 59 59
59 60 59 71
59 72 59 83
59 84 59 95
59 96 59 107
59 108 59 119
59 120 59 131
59 132 59 143
59 144 59 155
59 156 59 166
59 167 59 175
59 176 59 187
59 188 59 199
60 0 60 11
60 12 60 23
60 24 60 35
60 36 60 47
60 48 60 58
60 59 60 70
60 71 60 82
60 83 60 94
60 95 60 104
60 105 60 116
60 117 60 128
60 129 60 140
60 141 60 152
60 153 60 164
60 165 60 175
60 176 60 187
60 188 60 199
61 0 61 11
61 12 61 23
61 24 61 35
61 36 61 47
61 48 61 59
61 60 61 71
61 72 61 83
61 84 61 93
61 94 61 103
61 104 61 115
61 116 61 127
61 128 61 139
61 140 61 151
61 152 61 163
61 164 61 175
61 176 61 187
61 188 61 199
62 0 62 11
62 12 62 23
62 24 62 35
62 36 62 47
62 48 62 59
62 60 62 71
62 72 62 83
62 84 62 94
62 95 62 105
62 106 62 117
62 118 62 129
62 130 62 141
62 142 62 153
62 154 62 165
62 166 62 177
62 178 62 189
62 190 62 199
63 0 63 11
63 12 63 23
63 24 63 35
63 36 63 47
63 48 63 59
63 60 63 71
63 72 63 83
63 84 63 95
63 96 63 107
63 108 63 119
63 120 63 131
63 132 63 143
63 144 63 155
63 156 63 167
63 168 63 179
63 180 63 190
63 191 63 199
64 0 64 11
64 12 64 23
64 24 64 35
64 36 64 47
64 48 64 58
64 59 64 70
64 71 64 82
64 83 64 94
64 95 64 106
64 107 64 118
64 119 64 130
64 131 64 142
64 143 64 154
64 155 64 166
64 167 64 178
64 179 64 190
64 191 64 199
65 0 65 11
65 12 65 23
65 24 65 35
65 36 65 47
65 48 65 59
65 60 65 71
65 72 65 83
65 84 65 95
65 96 65 107
65 108 65 119
65 120 65 131
65 132 65 141
65 142 65 151
65 152 65 161
65 162 65 173
65 174 65 185
66 0 66 11
66 12 66 23
66 24 66 34
66 35 66 46
66 47 66 58
66 59 66 70
66 71 66 82
66 83 66 94
66 95 66 106
66 107 66 118
66 119 66 130
66 131 66 142
66 143 66 154
66 155 66 166
66 167 66 178
66 179 66 189
66 190 66 199
67 0 67 11
67 12 67 23
67 24 67 35
67 36 67 47
67 48 67 59
67 60 67 70
67 71 67 82
67 83 67 94
67 95 67 105
67 106 67 117
67 118 67 129
67 130 67 139
67 140 67 150
67 151 67 159
67 160 67 171
67 180 67 191
68 0 68 11
68 12 68 23
68 24 68 35
68 36 68 45
68 46 68 56
68 57 68 68
68 69 68 77
68 78 68 89
68 90 68 101
68 102 68 113
68 114 68 122
68 123 68 134
68 135 68 145
68 146 68 154
68 155 68 163
68 164 68 175
68 177 68 188
69 0 69 11
69 12 69 23
69 24 69 35
69 36 69 47
69 48 69 59
69 60 69 71
69 72 69 83
69 84 69 95
69 96 69 107
69 108 69 119
69 120 69 131
69 132 69 140
69 141 69 152
69 153 69 164
69 165 69 176
69 177 69 186
69 187 69 198
70 7 70 18
70 20 70 31
70 34 70 45
70 46 70 57
70 58 70 69
70 80 70 91
70 92 70 103
70 122 70 133
70 134 70 143
70 144 70 152
70 153 70 162
70 163 70 174
70 175 70 186
70 187 70 198
71 0 71 11
71 12 71 23
71 24 71 35
71 36 71 47
71 48 71 59
71 60 71 70
71 71 71 79
71 80 71 88
71 89 71 100
71 101 71 112
71 113 71 124
71 125 71 134
71 135 71 146
71 147 71 158
71 159 71 170
71 171 71 181
71 182 71 190
71 191 71 199
72 0 72 11
72 12 72 23
72 24 72 35
72 36 72 47
72 48 72 59
72 60 72 71
72 72 72 83
72 84 72 95
72 96 72 107
72 108 72 119
72 120 72 131
72 132 72 143
72 144 72 155
72 156 72 167
72 168 72 179
72 180 72 190
72 191 72 199
73 0 73 11
73 12 73 21
73 22 73 33
73 34 73 45
73 46 73 57
73 58 73 66
73 67 73 78
73 79 73 90
73 91 73 99
73 100 73 108
73 109 73 120
73 123 73 134
73 135 73 146
73 147 73 158
73 159 73 170
73 171 73 181
73 182 73 190
73 191 73 199
74 0 74 11
74 12 74 23
74 24 74 35
74 36 74 47
74 48 74 59
74 60 74 71
74 72 74 83
74 84 74 95
74 96 74 107
74 108 74 119
74 120 74 131
74 132 74 143
74 144 74 153
74 154 74 163
74 164 74 173
74 174 74 182
74 183 74 194
75 0 75 11
75 16 75 27
75 28 75 39
75 40 75 51
75 52 75 63
75 64 75 75
75 76 75 87
75 88 75 99
75 100 75 111
75 112 75 123
75 124 75 135
75 136 75 147
75 148 75 159
75 160 75 171
75 172 75 181
75 182 75 190
75 191 75 199
76 0 76 11
76 12 76 23
76 24 76 34
76 35 76 43
76 44 76 53
76 54 76 65
76 66 76 77
76 79 76 90
76 91 76 102
76 103 76 114
76 115 76 126
76 127 76 138
76 141 76 152
76 153 76 164
76 165 76 176
76 177 76 188
76 189 76 199
77 0 77 11
77 12 77 20
77 21 77 30
77 31 77 39
77 40 77 49
77 50 77 61
77 67 77 78
77 82 77 93
77 94 77 105
77 106 77 117
77 118 77 129
77 134 77 145
77 146 77 157
77 158 77 168
77 169 77 179
77 180 77 188
77 189 77 199
78 0 78 11
78 15 78 26
78 27 78 38
78 39 78 50
78 51 78 62
78 63 78 74
78 75 78 86
78 87 78 96
78 97 78 106
78 107 78 118
78 119 78 130
78 131 78 142
78 143 78 152
78 153 78 164
78 165 78 176
78 177 78 188
78 189 78 199
79 2 79 13
79 14 79 25
79 27 79 38
79 39 79 50
79 51 79 62
79 63 79 74
79 75 79 84
79 85 79 96
79 97 79 106
79 107 79 118
79 119 79 130
79 131 79 142
79 143 79 154
79 155 79 166
79 167 79 178
79 179 79 190
79 191 79 199
80 0 80 10
80 11 80 22
80 23 80 34
80 35 80 46
80 47 80 58
80 59 80 70
80 71 80 82
80 83 80 94
80 95 80 106
80 107 80 118
80 119 80 130
80 131 80 142
80 143 80 154
80 155 80 166
80 167 80 178
80 179 80 189
80 190 80 199
81 0 81 11
81 12 81 23
81 32 81 43
81 44 81 55
81 56 81 67
81 68 81 76
81 77 81 85
81 86 81 97
81 99 81 110
81 111 81 121
81 122 81 133
81 142 81 153
81 154 81 165
81 166 81 177
81 178 81 189
81 190 81 199
82 0 82 11
82 12 82 23
82 24 82 35
82 37 82 48
82 50 82 61
82 62 82 73
82 74 82 85
82 86 82 97
82 98 82 109
82 110 82 121
82 122 82 133
82 134 82 145
82 146 82 157
82 158 82 169
82 170 82 181
82 182 82 190
82 191 82 199
83 0 83 11
83 14 83 25
83 26 83 37
83 38 83 49
83 54 83 65
83 66 83 77
83 78 83 89
83 90 83 101
83 102 83 113
83 114 83 125
83 126 83 137
83 138 83 149
83 150 83 158
83 159 83 169
83 170 83 179
83 180 83 188
83 189 83 199
84 0 84 11
84 12 84 23
84 24 84 35
84 36 84 47
84 48 84 58
84 59 84 70
84 71 84 82
84 83 84 92
84 93 84 101
84 102 84 110
84 111 84 121
84 122 84 133
84 134 84 145
84 146 84 157
84 158 84 169
84 170 84 181
84 182 84 193
85 0 85 11
85 12 85 23
85 24 85 35
85 36 85 47
85 48 85 59
85 60 85 71
85 72 85 83
85 84 85 95
85 96 85 106
85 107 85 118
85 119 85 130
85 131 85 142
85 143 85 154
85 155 85 166
85 167 85 178
85 179 85 190
85 191 85 199
86 2 86 13
86 14 86 25
86 32 86 43
86 44 86 55
86 56 86 66
86 67 86 75
86 76 86 87
86 88 86 99
86 100 86 111
86 112 86 123
86 124 86 135
86 136 86 145
86 146 86 156
86 157 86 168
86 169 86 179
86 180 86 190
86 191 86 199
87 0 87 11
87 12 87 23
87 24 87 35
87 36 87 47
87 48 87 59
87 60 87 71
87 72 87 83
87 84 87 95
87 96 87 107
87 108 87 119
87 120 87 131
87 132 87 143
87 144 87 155
87 156 87 167
87 168 87 179
87 180 87 190
87 191 87 199
88 0 88 11
88 12 88 23
88 24 88 35
88 36 88 46
88 47 88 55
88 56 88 67
88 68 88 79
88 80 88 88
88 89 88 100
88 101 88 112
88 113 88 124
88 125 88 136
88 137 88 147
88 148 88 156
88 157 88 165
88 166 88 174
88 175 88 186
88 187 88 198
89 0 89 11
89 12 89 23
89 24 89 35
89 36 89 46
89 47 89 58
89 59 89 70
89 71 89 82
89 83 89 94
89 95 89 106
89 107 89 118
89 119 89 130
89 131 89 142
89 143 89 154
89 155 89 166
89 167 89 178
89 179 89 190
89 191 89 199
90 0 90 11
90 12 90 23
90 31 90 42
90 43 90 54
90 55 90 66
90 67 90 78
90 79 90 90
90 91 90 102
90 122 90 133
90 134 90 145
90 147 90 158
90 162 90 173
90 174 90 185
90 186 90 197
91 0 91 11
91 12 91 23
91 24 91 35
91 36 91 47
91 48 91 59
91 60 91 71
91 72 91 83
91 84 91 95
91 96 91 107
91 108 91 119
91 120 91 131
91 132 91 143
91 144 91 153
91 154 91 165
91 166 91 177
91 178 91 189
91 190 91 199
92 0 92 11
92 12 92 23
92 24 92 33
92 34 92 43
92 44 92 55
92 56 92 67
92 68 92 79
92 80 92 91
92 92 92 103
92 104 92 115
92 116 92 127
92 128 92 139
92 140 92 151
92 152 92 163
92 164 92 175
92 176 92 187
92 188 92 199
93 9 93 20
93 21 93 32
93 33 93 44
93 45 93 56
93 57 93 68
93 69 93 80
93 81 93 92
93 93 93 103
93 104 93 115
93 116 93 127
93 128 93 139
93 140 93 151
93 152 93 163
93 164 93 175
93 176 93 187
93 188 93 199
94 0 94 11
94 12 94 23
94 24 94 35
94 36 94 47
94 48 94 59
94 60 94 71
94 72 94 83
94 84 94 95
94 96 94 107
94 108 94 119
94 120 94 131
94 132 94 143
94 144 94 155
94 156 94 167
94 168 94 179
94 180 94 188
94 189 94 199
95 0 95 11
95 13 95 24
95 25 95 34
95 35 95 46
95 47 95 58
95 59 95 70
95 71 95 82
95 83 95 94
95 95 95 106
95 107 95 118
95 119 95 130
95 131 95 142
95 143 95 154
95 155 95 166
95 167 95 175
95 176 95 187
95 188 95 199
96 0 96 11
96 12 96 22
96 23 96 32
96 33 96 44
96 45 96 56
96 57 96 68
96 69 96 80
96 81 96 92
96 93 96 104
96 105 96 116
96 117 96 126
96 127 96 135
96 136 96 147
96 148 96 159
96 160 96 168
96 169 96 177
96 178 96 189
96 190 96 199
97 0 97 11
97 12 97 23
97 24 97 35
97 36 97 47
97 48 97 59
97 60 97 71
97 72 97 83
97 84 97 95
97 96 97 107
97 108 97 119
97 120 97 130
97 131 97 142
97 143 97 154
97 155 97 166
97 167 97 178
97 179 97 188
97 189 97 199
98 0 98 11
98 12 98 23
98 24 98 35
98 36 98 47
98 48 98 59
98 60 98 71
98 72 98 83
98 84 98 94
98 95 98 106
98 107 98 118
98 119 98 130
98 131 98 142
98 143 98 154
98 155 98 163
98 164 98 174
98 175 98 184
98 185 98 196
99 0 99 11
99 12 99 23
99 24 99 35
99 36 99 47
99 48 99 56
99 57 99 66
99 67 99 78
99 79 99 90
99 91 99 102
99 106 99 117
99 118 99 129
99 130 99 141
99 142 99 153
99 154 99 165
99 166 99 175
99 176 99 187
99 188 99 199
100 0 100 11
100 12 100 23
100 24 100 32
100 33 100 44
100 45 100 55
100 56 100 67
100 68 100 79
100 80 100 91
100 92 100 103
100 104 100 115
100 116 100 127
100 128 100 139
100 140 100 151
100 152 100 163
100 164 100 175
100 176 100 184
100 185 100 196
101 0 101 11
101 12 101 23
101 24 101 35
101 36 101 47
101 48 101 59
101 60 101 70
101 71 101 79
101 80 101 91
101 92 101 103
101 104 101 115
101 116 101 127
101 128 101 139
101 140 101 151
101 152 101 163
101 164 101 175
101 176 101 187
101 188 101 199
102 0 102 11
102 12 102 23
102 24 102 34
102 35 102 43
102 44 102 55
102 56 102 67
102 68 102 77
102 78 102 89
102 90 102 101
102 102 102 112
102 113 102 124
102 125 102 136
102 137 102 148
102 149 102 160
102 161 102 170
102 171 102 181
102 182 102 190
102 191 102 199
103 0 103 11
103 13 103 24
103 25 103 36
103 37 103 48
103 49 103 60
103 61 103 72
103 73 103 84
103 85 103 96
103 97 103 108
103 109 103 120
103 121 103 132
103 133 103 144
103 145 103 156
103 157 103 168
103 169 103 178
103 179 103 187
103 188 103 199
104 0 104 11
104 12 104 23
104 24 104 35
104 36 104 47
104 48 104 59
104 60 104 71
104 72 104 83
104 84 104 95
104 96 104 107
104 108 104 118
104 119 104 128
104 129 104 140
104 141 104 152
104 153 104 164
104 165 104 173
104 174 104 182
104 183 104 194
105 0 105 11
105 12 105 22
105 23 105 34
105 35 105 46
105 47 105 58
105 59 105 70
105 71 105 82
105 83 105 94
105 95 105 106
105 107 105 116
105 117 105 128
105 129 105 140
105 141 105 152
105 153 105 164
105 165 105 176
105 177 105 188
105 189 105 199
106 0 106 11
106 12 106 22
106 23 106 34
106 35 106 46
106 47 106 58
106 59 106 70
106 71 106 82
106 83 106 94
106 95 106 106
106 107 106 118
106 119 106 130
106 131 106 142
106 143 106 154
106 155 106 166
106 167 106 178
106 179 106 187
106 188 106 199
107 0 107 11
107 12 107 23
107 24 107 35
107 36 107 47
107 48 107 59
107 60 107 71
107 72 107 83
107 84 107 95
107 96 107 107
107 108 107 119
107 120 107 131
107 132 107 143
107 144 107 155
107 156 107 167
107 168 107 178
107 179 107 190
107 191 107 199
108 0 108 11
108 12 108 23
108 24 108 35
108 36 108 47
108 48 108 59
108 60 108 71
108 73 108 84
108 85 108 96
108 97 108 108
108 109 108 120
108 121 108 132
108 133 108 144
108 145 108 156
108 157 108 168
108 169 108 179
108 180 108 188
108 189 108 199
109 0 109 11
109 12 109 23
109 24 109 35
109 36 109 47
109 48 109 59
109 60 109 71
109 72 109 83
109 84 109 92
109 93 109 102
109 103 109 114
109 115 109 126
109 127 109 138
109 139 109 150
109 151 109 162
109 163 109 174
109 176 109 187
109 188 109 199
110 5 110 16
110 17 110 26
110 27 110 38
110 39 110 49
110 50 110 59
110 60 110 68
110 69 110 80
110 81 110 92
110 95 110 106
110 107 110 118
110 119 110 130
110 148 110 159
110 160 110 171
110 173 110 184
110 186 110 197
111 0 111 11
111 12 111 23
111 24 111 35
111 36 111 47
111 48 111 59
111 60 111 71
111 72 111 83
111 84 111 95
111 96 111 104
111 105 111 113
111 114 111 125
111 126 111 137
111 138 111 149
111 150 111 161
111 162 111 173
111 174 111 182
111 183 111 194
112 3 112 14
112 15 112 26
112 27 112 38
112 39 112 50
112 51 112 62
112 63 112 74
112 75 112 86
112 87 112 98
112 99 112 110
112 111 112 122
112 123 112 132
112 133 112 141
112 142 112 150
112 151 112 162
112 163 112 174
112 177 112 188
112 189 112 199
113 0 113 11
113 12 113 21
113 22 113 33
113 37 113 48
113 49 113 60
113 61 113 72
113 73 113 84
113 85 113 96
113 100 113 111
113 112 113 123
113 124 113 135
113 136 113 147
113 148 113 159
113 160 113 171
113 172 113 180
113 181 113 189
113 190 113 199
114 0 114 11
114 12 114 23
114 24 114 35
114 36 114 47
114 48 114 58
114 59 114 67
114 68 114 76
114 77 114 85
114 86 114 97
114 101 114 112
114 113 114 124
114 125 114 136
114 137 114 147
114 148 114 159
114 160 114 169
114 170 114 178
114 179 114 187
114 188 114 199
115 0 115 11
115 12 115 23
115 24 115 33
115 34 115 44
115 45 115 53
115 54 115 65
115 66 115 77
115 78 115 89
115 90 115 101
115 102 115 113
115 114 115 124
115 125 115 136
115 137 115 148
115 149 115 160
115 161 115 171
115 172 115 180
115 181 115 189
115 190 115 199
116 0 116 11
116 12 116 23
116 24 116 35
116 36 116 45
116 46 116 54
116 55 116 66
116 67 116 78
116 79 116 90
116 91 116 102
116 103 116 114
116 115 116 126
116 127 116 138
116 139 116 148
116 149 116 159
116 160 116 171
116 172 116 181
116 182 116 190
116 191 116 199
117 0 117 11
117 18 117 29
117 30 117 41
117 42 117 53
117 54 117 65
117 66 117 77
117 79 117 90
117 91 117 102
117 103 117 114
117 115 117 126
117 127 117 138
117 139 117 150
117 151 117 161
117 162 117 173
117 174 117 184
117 185 117 196
118 0 118 11
118 12 118 23
118 24 118 32
118 33 118 44
118 45 118 56
118 57 118 68
118 69 118 78
118 79 118 87
118 88 118 96
118 97 118 108
118 109 118 120
118 121 118 132
118 133 118 144
118 145 118 156
118 157 118 168
118 169 118 179
118 180 118 190
118 191 118 199
119 0 119 11
119 12 119 23
119 24 119 35
119 36 119 47
119 48 119 58
119 59 119 67
119 68 119 79
119 80 119 91
119 92 119 103
119 104 119 115
119 116 119 127
119 128 119 139
119 140 119 148
119 149 119 158
119 159 119 167
119 168 119 179
119 180 119 190
119 191 119 199
120 0 120 8
120 9 120 20
120 21 120 32
120 33 120 44
120 45 120 56
120 57 120 68
120 69 120 80
120 85 120 96
120 98 120 109
120 111 120 122
120 123 120 134
120 135 120 146
120 148 120 159
120 160 120 169
120 170 120 181
120 182 120 190
120 191 120 199
121 0 121 11
121 12 121 23
121 24 121 34
121 35 121 46
121 48 121 59
121 60 121 71
121 72 121 83
121 84 121 95
121 101 121 112
121 121 121 132
121 133 121 144
121 145 121 156
121 157 121 168
121 169 121 179
121 180 121 188
121 189 121 199
122 0 122 11
122 12 122 22
122 23 122 34
122 35 122 46
122 47 122 58
122 59 122 70
122 71 122 82
122 83 122 94
122 95 122 106
122 107 122 118
122 119 122 130
122 131 122 139
122 140 122 149
122 150 122 160
122 161 122 172
122 173 122 184
122 185 122 196
123 0 123 11
123 12 123 23
123 24 123 35
123 36 123 44
123 45 123 56
123 57 123 68
123 69 123 80
123 81 123 92
123 93 123 103
123 104 123 112
123 113 123 121
123 122 123 133
123 134 123 145
123 146 123 157
123 160 123 171
123 172 123 183
123 184 123 195
124 0 124 11
124 12 124 23
124 26 124 37
124 38 124 49
124 50 124 61
124 62 124 73
124 74 124 83
124 84 124 94
124 95 124 106
124 107 124 115
124 116 124 124
124 125 124 135
124 136 124 147
124 148 124 157
124 158 124 169
124 170 124 181
124 182 124 193
125 0 125 11
125 12 125 23
125 24 125 35
125 36 125 47
125 48 125 59
125 60 125 71
125 72 125 80
125 81 125 92
125 93 125 104
125 105 125 116
125 117 125 128
125 129 125 140
125 141 125 152
125 153 125 164
125 165 125 176
125 177 125 188
125 189 125 199
126 0 126 11
126 12 126 23
126 24 126 35
126 36 126 44
126 45 126 56
126 57 126 68
126 69 126 80
126 81 126 92
126 93 126 104
126 105 126 116
126 117 126 128
126 129 126 138
126 139 126 150
126 151 126 161
126 162 126 170
126 171 126 179
126 180 126 188
126 189 126 199
127 0 127 11
127 12 127 23
127 24 127 35
127 36 127 47
127 48 127 59
127 60 127 71
127 72 127 82
127 83 127 94
127 95 127 106
127 107 127 118
127 119 127 130
127 131 127 142
127 143 127 154
127 155 127 166
127 167 127 178
127 179 127 187
127 188 127 199
128 0 128 11
128 12 128 23
128 24 128 32
128 33 128 42
128 43 128 52
128 53 128 64
128 65 128 76
128 77 128 88
128 89 128 100
128 101 128 112
128 113 128 124
128 125 128 136
128 137 128 148
128 149 128 160
128 161 128 170
128 171 128 179
128 180 128 188
128 189 128 199
129 0 129 11
129 15 129 26
129 28 129 39
129 40 129 51
129 52 129 63
129 64 129 75
129 76 129 87
129 88 129 99
129 100 129 111
129 112 129 123
129 124 129 135
129 136 129 147
129 148 129 159
129 160 129 171
129 172 129 183
129 184 129 195
130 0 130 11
130 12 130 23
130 24 130 35
130 36 130 47
130 48 130 59
130 60 130 71
130 72 130 83
130 84 130 95
130 96 130 107
130 108 130 119
130 120 130 131
130 132 130 143
130 144 130 155
130 156 130 167
130 168 130 177
130 178 130 189
130 190 130 199
131 0 131 9
131 10 131 18
131 19 131 30
131 31 131 40
131 41 131 52
131 53 131 62
131 63 131 74
131 75 131 86
131 87 131 98
131 99 131 110
131 111 131 122
131 123 131 134
131 135 131 146
131 147 131 158
131 159 131 170
131 171 131 180
131 181 131 189
131 190 131 199
132 0 132 9
132 10 132 18
132 19 132 27
132 28 132 39
132 49 132 60
132 62 132 73
132 74 132 85
132 86 132 97
132 98 132 109
132 110 132 121
132 122 132 133
132 134 132 145
132 146 132 157
132 158 132 166
132 167 132 178
132 183 132 194
133 0 133 11
133 13 133 24
133 25 133 36
133 37 133 47
133 48 133 56
133 57 133 65
133 66 133 77
133 78 133 86
133 87 133 98
133 99 133 110
133 111 133 122
133 123 133 133
133 134 133 143
133 144 133 152
133 153 133 161
133 162 133 173
133 174 133 185
133 186 133 197
134 0 134 11
134 12 134 23
134 25 134 36
134 37 134 48
134 49 134 60
134 61 134 72
134 73 134 84
134 85 134 96
134 97 134 106
134 107 134 117
134 118 134 126
134 127 134 138
134 139 134 150
134 151 134 159
134 160 134 168
134 169 134 178
134 179 134 187
134 188 134 199
135 0 135 11
135 12 135 23
135 24 135 35
135 36 135 47
135 48 135 59
135 60 135 71
135 72 135 83
135 84 135 95
135 96 135 107
135 108 135 119
135 120 135 131
135 132 135 143
135 144 135 154
135 155 135 166
135 167 135 175
135 176 135 187
135 188 135 199
136 0 136 11
136 12 136 23
136 24 136 35
136 36 136 47
136 48 136 59
136 60 136 71
136 72 136 83
136 84 136 95
136 96 136 107
136 108 136 119
136 120 136 131
136 132 136 143
136 144 136 155
136 156 136 167
136 168 136 179
136 180 136 191
137 0 137 11
137 18 137 29
137 30 137 41
137 42 137 53
137 54 137 65
137 66 137 77
137 78 137 89
137 90 137 101
137 102 137 113
137 114 137 125
137 126 137 137
137 138 137 148
137 149 137 157
137 158 137 169
137 170 137 180
137 181 137 190
137 191 137 199
138 0 138 11
138 12 138 23
138 24 138 35
138 36 138 47
138 48 138 59
138 60 138 71
138 72 138 81
138 82 138 93
138 94 138 105
138 106 138 117
138 118 138 129
138 130 138 141
138 142 138 153
138 154 138 165
138 166 138 177
138 178 138 189
138 190 138 199
139 0 139 11
139 12 139 23
139 24 139 35
139 36 139 47
139 48 139 59
139 60 139 70
139 71 139 80
139 81 139 92
139 93 139 104
139 105 139 116
139 117 139 128
139 129 139 140
139 141 139 152
139 153 139 164
139 165 139 176
139 177 139 188
139 189 139 199
140 0 140 11
140 12 140 23
140 24 140 35
140 36 140 47
140 48 140 58
140 59 140 69
140 70 140 81
140 82 140 93
140 94 140 105
140 106 140 117
140 118 140 127
140 128 140 136
140 137 140 145
140 146 140 157
140 158 140 169
140 181 140 192
141 0 141 11
141 12 141 23
141 24 141 35
141 36 141 47
141 48 141 59
141 60 141 71
141 72 141 83
141 84 141 95
141 96 141 106
141 107 141 118
141 119 141 130
141 131 141 140
141 141 141 150
141 151 141 162
141 163 141 174
141 175 141 186
142 0 142 10
142 11 142 22
142 23 142 34
142 35 142 46
142 47 142 58
142 59 142 70
142 71 142 82
142 83 142 94
142 95 142 105
142 106 142 115
142 116 142 127
142 128 142 138
142 139 142 150
142 151 142 160
142 161 142 169
142 170 142 179
142 180 142 190
142 191 142 199
143 0 143 10
143 11 143 19
143 20 143 31
143 32 143 43
143 45 143 56
143 57 143 68
143 69 143 80
143 81 143 92
143 93 143 104
143 105 143 116
143 117 143 128
143 129 143 140
143 141 143 152
143 153 143 164
143 165 143 176
143 177 143 188
143 189 143 199
144 0 144 11
144 12 144 23
144 24 144 35
144 36 144 47
144 48 144 59
144 60 144 71
144 72 144 83
144 84 144 95
144 96 144 107
144 108 144 119
144 120 144 131
144 132 144 143
144 144 144 155
144 156 144 166
144 167 144 178
144 179 144 190
144 191 144 199
145 0 145 11
145 12 145 23
145 24 145 35
145 36 145 47
145 48 145 59
145 60 145 71
145 72 145 83
145 84 145 95
145 96 145 106
145 107 145 118
145 119 145 127
145 128 145 138
145 139 145 150
145 151 145 162
145 163 145 171
145 172 145 181
145 182 145 190
145 191 145 199
146 0 146 11
146 12 146 23
146 24 146 34
146 35 146 46
146 47 146 58
146 59 146 69
146 70 146 81
146 82 146 93
146 94 146 105
146 106 146 117
146 118 146 129
146 130 146 141
146 142 146 153
146 154 146 165
146 166 146 177
146 178 146 188
146 189 146 199
147 3 147 14
147 16 147 27
147 28 147 39
147 40 147 51
147 52 147 63
147 64 147 75
147 76 147 87
147 88 147 99
147 100 147 111
147 112 147 123
147 124 147 135
147 136 147 147
147 148 147 159
147 160 147 171
147 172 147 181
147 182 147 190
147 191 147 199
148 0 148 11
148 12 148 23
148 24 148 35
148 36 148 44
148 45 148 53
148 54 148 65
148 66 148 77
148 78 148 89
148 90 148 101
148 110 148 121
148 122 148 133
148 134 148 145
148 146 148 157
148 158 148 169
148 170 148 178
148 179 148 190
148 191 148 199
149 0 149 11
149 12 149 23
149 24 149 35
149 36 149 47
149 48 149 59
149 60 149 71
149 72 149 83
149 84 149 95
149 96 149 107
149 108 149 119
149 120 149 129
149 130 149 138
149 139 149 150
149 152 149 163
149 165 149 176
149 178 149 189
149 190 149 199
150 0 150 11
150 12 150 23
150 24 150 33
150 34 150 44
150 45 150 53
150 54 150 62
150 63 150 74
150 75 150 86
150 87 150 98
150 99 150 110
150 113 150 124
150 125 150 136
150 143 150 154
150 155 150 166
150 167 150 178
150 179 150 187
150 188 150 199
151 0 151 11
151 12 151 23
151 24 151 35
151 36 151 47
151 48 151 59
151 60 151 71
151 72 151 82
151 83 151 94
151 95 151 104
151 105 151 116
151 117 151 128
151 129 151 140
151 141 151 152
151 153 151 164
151 165 151 176
151 177 151 188
151 189 151 199
152 0 152 11
152 12 152 23
152 24 152 35
152 36 152 47
152 48 152 59
152 60 152 71
152 72 152 83
152 84 152 95
152 96 152 107
152 108 152 119
152 120 152 131
152 132 152 143
152 144 152 155
152 156 152 167
152 168 152 179
152 180 152 190
152 191 152 199
153 0 153 11
153 12 153 23
153 24 153 35
153 39 153 50
153 51 153 62
153 63 153 74
153 75 153 86
153 87 153 98
153 99 153 110
153 111 153 120
153 121 153 132
153 133 153 143
153 144 153 155
153 156 153 167
153 168 153 179
153 180 153 189
153 190 153 199
154 0 154 11
154 12 154 23
154 24 154 35
154 36 154 46
154 47 154 55
154 56 154 67
154 68 154 79
154 80 154 91
154 92 154 103
154 104 154 115
154 116 154 127
154 128 154 136
154 137 154 148
154 149 154 158
154 159 154 170
154 172 154 183
154 184 154 195
155 0 155 11
155 12 155 23
155 24 155 35
155 36 155 46
155 47 155 55
155 56 155 64
155 65 155 76
155 77 155 88
155 89 155 100
155 111 155 122
155 123 155 131
155 132 155 142
155 143 155 154
155 155 155 165
155 166 155 174
155 175 155 186
155 187 155 198
156 0 156 11
156 14 156 25
156 26 156 37
156 38 156 49
156 56 156 67
156 68 156 79
156 80 156 90
156 91 156 101
156 102 156 110
156 111 156 119
156 120 156 130
156 131 156 142
156 149 156 160
156 161 156 172
156 173 156 184
156 185 156 196
157 0 157 11
157 12 157 23
157 24 157 35
157 36 157 47
157 48 157 59
157 60 157 71
157 72 157 83
157 84 157 95
157 96 157 107
157 108 157 119
157 120 157 131
157 132 157 143
157 144 157 155
157 156 157 167
157 168 157 179
157 180 157 189
157 190 157 199
158 0 158 11
158 12 158 21
158 22 158 33
158 34 158 45
158 46 158 57
158 58 158 69
158 70 158 81
158 82 158 91
158 92 158 103
158 104 158 115
158 116 158 127
158 128 158 136
158 137 158 148
158 149 158 160
158 161 158 171
158 172 158 183
158 184 158 195
159 0 159 11
159 12 159 23
159 24 159 32
159 33 159 44
159 45 159 53
159 54 159 65
159 66 159 75
159 76 159 86
159 87 159 95
159 96 159 107
159 108 159 119
159 120 159 131
159 132 159 143
159 144 159 155
159 156 159 167
159 168 159 179
159 180 159 188
159 189 159 199
160 0 160 11
160 12 160 23
160 28 160 39
160 40 160 51
160 52 160 63
160 64 160 72
160 73 160 84
160 85 160 96
160 97 160 108
160 109 160 120
160 121 160 132
160 133 160 142
160 143 160 151
160 152 160 160
160 161 160 172
160 173 160 182
160 183 160 194
161 0 161 11
161 12 161 23
161 24 161 35
161 36 161 47
161 48 161 59
161 60 161 71
161 72 161 83
161 84 161 95
161 96 161 107
161 108 161 119
161 120 161 131
161 132 161 142
161 143 161 152
161 153 161 161
161 162 161 171
161 172 161 183
161 184 161 195
162 0 162 11
162 13 162 24
162 25 162 36
162 37 162 48
162 49 162 60
162 61 162 72
162 73 162 84
162 85 162 96
162 97 162 108
162 109 162 120
162 121 162 132
162 133 162 144
162 145 162 156
162 157 162 168
162 169 162 177
162 178 162 187
162 188 162 199
163 0 163 11
163 12 163 23
163 24 163 35
163 36 163 47
163 48 163 59
163 60 163 69
163 70 163 78
163 79 163 89
163 90 163 101
163 102 163 113
163 114 163 125
163 131 163 142
163 143 163 154
163 155 163 166
163 167 163 178
163 179 163 190
163 191 163 199
164 0 164 11
164 12 164 23
164 24 164 35
164 36 164 47
164 48 164 59
164 60 164 71
164 72 164 83
164 84 164 94
164 95 164 103
164 104 164 114
164 115 164 123
164 124 164 135
164 136 164 147
164 148 164 158
164 159 164 170
164 171 164 180
164 181 164 190
164 191 164 199
165 0 165 11
165 12 165 23
165 24 165 35
165 36 165 47
165 48 165 59
165 60 165 71
165 72 165 83
165 84 165 95
165 96 165 107
165 108 165 119
165 120 165 131
165 132 165 143
165 144 165 155
165 156 165 167
165 168 165 177
165 178 165 187
165 188 165 199
166 0 166 11
166 12 166 23
166 24 166 35
166 36 166 47
166 48 166 59
166 61 166 72
166 73 166 84
166 85 166 96
166 97 166 108
166 109 166 118
166 119 166 130
166 131 166 141
166 142 166 152
166 153 166 161
166 162 166 170
166 171 166 179
166 180 166 191
167 0 167 11
167 12 167 23
167 24 167 35
167 36 167 47
167 48 167 59
167 60 167 71
167 72 167 83
167 84 167 95
167 96 167 107
167 108 167 119
167 120 167 131
167 132 167 143
167 144 167 155
167 156 167 164
167 165 167 173
167 174 167 183
167 184 167 195
168 0 168 10
168 11 168 22
168 23 168 34
168 35 168 46
168 47 168 57
168 58 168 69
168 70 168 81
168 82 168 93
168 94 168 105
168 106 168 117
168 118 168 129
168 130 168 141
168 142 168 153
168 154 168 164
168 165 168 176
168 177 168 186
168 187 168 198
169 0 169 8
169 9 169 17
169 18 169 29
169 31 169 42
169 43 169 54
169 55 169 66
169 67 169 77
169 78 169 87
169 88 169 98
169 99 169 110
169 111 169 122
169 124 169 135
169 142 169 153
169 154 169 163
169 164 169 175
169 176 169 186
169 187 169 198
170 0 170 11
170 12 170 23
170 24 170 35
170 36 170 47
170 48 170 59
170 67 170 78
170 79 170 87
170 88 170 96
170 97 170 105
170 106 170 117
170 118 170 127
170 128 170 139
170 140 170 151
170 152 170 163
170 164 170 175
170 180 170 191
171 0 171 11
171 12 171 23
171 24 171 35
171 36 171 47
171 48 171 59
171 60 171 71
171 72 171 83
171 84 171 95
171 96 171 107
171 108 171 119
171 120 171 131
171 132 171 143
171 144 171 155
171 156 171 167
171 168 171 179
171 180 171 190
171 191 171 199
172 0 172 11
172 12 172 23
172 24 172 35
172 36 172 47
172 48 172 59
172 60 172 71
172 72 172 83
172 84 172 95
172 96 172 107
172 108 172 116
172 117 172 128
172 129 172 138
172 139 172 149
172 150 172 160
172 161 172 172
172 173 172 184
172 185 172 196
173 0 173 11
173 12 173 23
173 24 173 33
173 34 173 42
173 43 173 54
173 55 173 66
173 67 173 78
173 79 173 89
173 90 173 101
173 102 173 113
173 114 173 125
173 126 173 137
173 138 173 146
173 147 173 157
173 158 173 169
173 170 173 180
173 181 173 189
173 190 173 199
174 0 174 11
174 12 174 23
174 24 174 35
174 36 174 47
174 48 174 59
174 60 174 71
174 72 174 83
174 84 174 95
174 96 174 104
174 105 174 113
174 114 174 125
174 126 174 137
174 142 174 153
174 154 174 165
174 166 174 177
174 178 174 189
174 190 174 199
175 0 175 10
175 11 175 21
175 22 175 33
175 52 175 63
175 64 175 74
175 75 175 83
175 84 175 95
175 96 175 107
175 108 175 119
175 120 175 131
175 132 175 142
175 143 175 151
175 152 175 160
175 161 175 171
175 172 175 183
175 184 175 195
176 0 176 11
176 18 176 29
176 30 176 41
176 42 176 53
176 54 176 65
176 66 176 77
176 78 176 89
176 90 176 101
176 102 176 113
176 114 176 125
176 126 176 137
176 138 176 149
176 150 176 159
176 160 176 168
176 169 176 177
176 178 176 188
176 189 176 199
177 0 177 11
177 12 177 23
177 24 177 35
177 36 177 47
177 48 177 59
177 60 177 70
177 71 177 82
177 83 177 94
177 95 177 106
177 107 177 118
177 119 177 130
177 131 177 142
177 143 177 154
177 155 177 166
177 167 177 178
177 179 177 190
177 191 177 199
178 0 178 11
178 12 178 23
178 24 178 34
178 35 178 46
178 47 178 58
178 59 178 70
178 71 178 82
178 83 178 94
178 95 178 106
178 107 178 118
178 119 178 130
178 131 178 142
178 143 178 154
178 155 178 164
178 165 178 176
178 177 178 188
178 189 178 199
179 0 179 11
179 12 179 23
179 24 179 35
179 36 179 47
179 48 179 59
179 60 179 71
179 72 179 83
179 84 179 95
179 96 179 107
179 108 179 119
179 120 179 129
179 130 179 140
179 141 179 152
179 153 179 164
179 165 179 176
179 177 179 188
179 189 179 199
180 3 180 14
180 15 180 26
180 27 180 38
180 39 180 50
180 51 180 62
180 63 180 74
180 75 180 86
180 87 180 98
180 99 180 110
180 111 180 122
180 123 180 134
180 135 180 144
180 145 180 156
180 157 180 168
180 169 180 180
180 181 180 190
180 191 180 199
181 0 181 11
181 12 181 23
181 24 181 35
181 36 181 45
181 46 181 57
181 58 181 69
181 70 181 81
181 82 181 93
181 94 181 105
181 106 181 117
181 118 181 129
181 130 181 138
181 139 181 150
181 152 181 163
181 164 181 175
181 176 181 187
181 188 181 199
182 3 182 14
182 15 182 24
182 25 182 33
182 34 182 45
182 46 182 57
182 58 182 69
182 81 182 92
182 93 182 104
182 105 182 116
182 117 182 128
182 129 182 140
182 141 182 152
182 153 182 164
182 165 182 176
182 177 182 188
182 189 182 199
183 0 183 11
183 14 183 25
183 26 183 35
183 36 183 47
183 48 183 59
183 60 183 71
183 72 183 81
183 82 183 93
183 94 183 105
183 106 183 117
183 118 183 129
183 130 183 141
183 142 183 153
183 154 183 165
183 166 183 177
183 178 183 189
183 190 183 199
184 0 184 11
184 12 184 23
184 24 184 35
184 36 184 47
184 48 184 59
184 60 184 70
184 71 184 80
184 81 184 92
184 93 184 104
184 105 184 115
184 116 184 127
184 129 184 140
184 141 184 149
184 150 184 161
184 163 184 174
184 175 184 186
184 187 184 198
185 0 185 11
185 12 185 23
185 24 185 35
185 36 185 47
185 48 185 59
185 60 185 71
185 72 185 83
185 84 185 95
185 96 185 107
185 108 185 119
185 120 185 131
185 132 185 143
185 144 185 155
185 156 185 167
185 168 185 179
185 180 185 190
185 191 185 199
186 0 186 11
186 12 186 23
186 24 186 35
186 36 186 47
186 48 186 58
186 59 186 68
186 69 186 80
186 81 186 92
186 93 186 104
186 105 186 113
186 114 186 125
186 126 186 135
186 136 186 144
186 145 186 156
186 159 186 170
186 171 186 181
186 182 186 190
186 191 186 199
187 0 187 11
187 12 187 23
187 24 187 35
187 36 187 47
187 48 187 59
187 60 187 71
187 72 187 83
187 84 187 95
187 96 187 107
187 108 187 119
187 120 187 131
187 132 187 143
187 144 187 155
187 156 187 167
187 168 187 179
187 180 187 190
187 191 187 199
188 0 188 11
188 12 188 23
188 24 188 35
188 36 188 47
188 48 188 59
188 60 188 71
188 72 188 83
188 84 188 95
188 96 188 107
188 108 188 119
188 120 188 131
188 132 188 143
188 144 188 155
188 156 188 167
188 168 188 179
188 180 188 190
188 191 188 199
189 0 189 8
189 9 189 17
189 18 189 28
189 29 189 40
189 41 189 52
189 53 189 62
189 63 189 74
189 75 189 86
189 87 189 98
189 99 189 110
189 111 189 122
189 123 189 134
189 135 189 146
189 147 189 157
189 158 189 166
189 167 189 176
189 177 189 185
189 186 189 197
190 0 190 11
190 12 190 23
190 24 190 35
190 36 190 47
190 55 190 66
190 67 190 78
190 79 190 90
190 91 190 102
190 103 190 114
190 115 190 126
190 127 190 138
190 139 190 150
190 151 190 162
190 163 190 174
190 175 190 186
190 187 190 198
191 0 191 11
191 12 191 23
191 24 191 35
191 36 191 47
191 48 191 59
191 60 191 71
191 72 191 82
191 83 191 94
191 95 191 106
191 107 191 118
191 119 191 130
191 131 191 142
191 143 191 153
191 154 191 162
191 163 191 171
191 172 191 180
191 181 191 192
192 0 192 10
192 11 192 19
192 20 192 29
192 30 192 41
192 42 192 53
192 54 192 65
192 66 192 77
192 78 192 89
192 90 192 101
192 102 192 113
192 114 192 125
192 126 192 137
192 138 192 149
192 150 192 159
192 160 192 171
192 173 192 184
192 185 192 196
193 0 193 11
193 12 193 23
193 24 193 35
193 36 193 47
193 48 193 59
193 60 193 71
193 72 193 83
193 84 193 95
193 96 193 107
193 108 193 119
193 120 193 130
193 131 193 142
193 143 193 152
193 153 193 164
193 165 193 176
193 177 193 188
193 189 193 199
194 0 194 11
194 12 194 22
194 23 194 33
194 34 194 42
194 43 194 53
194 54 194 63
194 64 194 72
194 73 194 84
194 85 194 93
194 94 194 105
194 106 194 117
194 118 194 129
194 130 194 141
194 142 194 153
194 154 194 165
194 166 194 177
194 178 194 189
195 0 195 11
195 12 195 23
195 24 195 35
195 36 195 47
195 48 195 59
195 60 195 71
195 72 195 83
195 84 195 95
195 96 195 107
195 108 195 119
195 120 195 131
195 132 195 143
195 144 195 155
195 156 195 167
195 168 195 179
195 180 195 190
195 191 195 199
196 0 196 11
196 12 196 21
196 22 196 33
196 34 196 45
196 46 196 56
196 57 196 65
196 66 196 77
196 90 196 101
196 102 196 113
196 114 196 125
196 126 196 137
196 138 196 149
196 150 196 160
196 161 196 172
196 173 196 181
196 182 196 190
196 191 196 199
197 0 197 11
197 12 197 23
197 24 197 35
197 36 197 47
197 48 197 59
197 60 197 71
197 72 197 83
197 84 197 95
197 96 197 107
197 108 197 118
197 119 197 130
197 131 197 142
197 150 197 161
197 162 197 173
197 179 197 190
198 0 198 11
198 12 198 23
198 24 198 35
198 36 198 47
198 48 198 57
198 58 198 69
198 70 198 81
198 82 198 93
198 94 198 105
198 106 198 117
198 118 198 129
198 130 198 141
198 142 198 152
198 153 198 164
198 165 198 176
198 178 198 189
198 190 198 199
199 0 199 11
199 12 199 21
199 22 199 33
199 35 199 46
199 47 199 58
199 59 199 70
199 78 199 89
199 90 199 101
199 102 199 113
199 114 199 125
199 126 199 137
199 138 199 149
199 150 199 161
199 162 199 173
199 174 199 184
199 185 199 196
200 0 200 11
200 12 200 23
200 24 200 35
200 36 200 47
200 48 200 59
200 60 200 71
200 72 200 83
200 84 200 95
200 96 200 107
200 108 200 119
200 120 200 131
200 132 200 143
200 144 200 155
200 156 200 167
200 168 200 179
200 180 200 188
200 189 200 199
201 0 201 9
201 10 201 21
201 22 201 33
201 34 201 43
201 44 201 52
201 53 201 62
201 63 201 74
201 75 201 86
201 87 201 98
201 99 201 110
201 111 201 122
201 123 201 134
201 135 201 146
201 147 201 155
201 156 201 167
201 168 201 179
201 180 201 190
201 191 201 199
202 0 202 11
202 12 202 23
202 24 202 35
202 36 202 47
202 48 202 59
202 60 202 71
202 72 202 83
202 84 202 95
202 96 202 107
202 108 202 119
202 120 202 131
202 132 202 143
202 144 202 155
202 156 202 167
202 168 202 179
202 180 202 190
202 191 202 199
203 0 203 11
203 12 203 23
203 24 203 35
203 36 203 47
203 48 203 59
203 60 203 71
203 72 203 83
203 84 203 95
203 96 203 107
203 108 203 119
203 120 203 131
203 132 203 143
203 144 203 155
203 156 203 167
203 168 203 179
203 180 203 189
203 190 203 199
204 0 204 10
204 11 204 21
204 22 204 33
204 35 204 46
204 47 204 58
204 59 204 69
204 70 204 78
204 79 204 90
204 91 204 102
204 103 204 114
204 115 204 126
204 127 204 138
204 139 204 149
204 150 204 158
204 159 204 169
204 170 204 180
204 181 204 189
204 190 204 199
205 0 205 11
205 16 205 27
205 28 205 39
205 40 205 51
205 52 205 63
205 64 205 75
205 76 205 87
205 88 205 99
205 100 205 111
205 112 205 123
205 124 205 135
205 136 205 147
205 148 205 159
205 160 205 171
205 172 205 181
205 182 205 190
205 191 205 199
206 0 206 11
206 12 206 23
206 24 206 35
206 36 206 47
206 48 206 59
206 60 206 71
206 72 206 83
206 84 206 95
206 96 206 107
206 108 206 119
206 120 206 131
206 132 206 141
206 142 206 153
206 154 206 165
206 166 206 177
206 178 206 189
206 190 206 199
207 0 207 10
207 11 207 20
207 21 207 29
207 30 207 38
207 39 207 49
207 50 207 61
207 62 207 73
207 74 207 84
207 85 207 96
207 97 207 108
207 109 207 120
207 121 207 131
207 132 207 143
207 144 207 155
207 156 207 167
207 168 207 179
207 180 207 190
207 191 207 199
208 0 208 11
208 12 208 22
208 23 208 34
208 35 208 46
208 47 208 58
208 59 208 70
208 71 208 82
208 83 208 94
208 95 208 106
208 107 208 118
208 119 208 130
208 131 208 140
208 141 208 149
208 150 208 158
208 159 208 170
208 171 208 182
208 183 208 194
209 0 209 11
209 12 209 23
209 24 209 32
209 33 209 42
209 43 209 54
209 55 209 66
209 67 209 78
209 79 209 90
209 91 209 102
209 103 209 114
209 115 209 126
209 127 209 137
209 138 209 146
209 147 209 155
209 156 209 167
209 168 209 178
209 179 209 190
209 191 209 199
210 1 210 12
210 13 210 21
210 22 210 30
210 31 210 39
210 40 210 51
210 52 210 63
210 64 210 75
210 76 210 85
210 86 210 94
210 95 210 106
210 107 210 118
210 119 210 130
210 131 210 142
210 143 210 154
210 155 210 165
210 166 210 177
210 178 210 189
210 190 210 199
211 4 211 15
211 17 211 28
211 29 211 40
211 41 211 52
211 53 211 64
211 65 211 75
211 76 211 87
211 88 211 99
211 100 211 111
211 112 211 123
211 124 211 134
211 135 211 145
211 146 211 156
211 157 211 165
211 166 211 174
211 175 211 184
211 185 211 196
212 0 212 11
212 12 212 22
212 23 212 32
212 33 212 44
212 45 212 56
212 57 212 68
212 69 212 80
212 81 212 92
212 93 212 104
212 105 212 116
212 117 212 128
212 129 212 140
212 141 212 150
212 151 212 162
212 166 212 177
212 178 212 187
212 188 212 199
213 0 213 11
213 12 213 23
213 24 213 35
213 36 213 47
213 48 213 59
213 60 213 71
213 72 213 83
213 84 213 95
213 96 213 107
213 108 213 119
213 120 213 131
213 132 213 141
213 142 213 153
213 154 213 165
213 166 213 177
213 178 213 189
213 190 213 199
214 0 214 11
214 12 214 23
214 24 214 35
214 36 214 47
214 48 214 59
214 60 214 71
214 72 214 83
214 84 214 95
214 96 214 107
214 108 214 119
214 120 214 131
214 132 214 143
214 144 214 155
214 156 214 167
214 168 214 179
214 180 214 190
214 191 214 199
215 0 215 11
215 12 215 23
215 24 215 35
215 36 215 47
215 48 215 56
215 57 215 67
215 68 215 79
215 80 215 91
215 92 215 103
215 104 215 115
215 116 215 127
215 128 215 139
215 140 215 151
215 152 215 163
215 164 215 175
215 176 215 187
215 188 215 199
216 0 216 11
216 12 216 23
216 24 216 35
216 36 216 47
216 48 216 59
216 60 216 71
216 72 216 81
216 82 216 92
216 93 216 104
216 107 216 118
216 119 216 130
216 131 216 142
216 143 216 154
216 155 216 166
216 167 216 178
216 179 216 190
216 191 216 199
217 0 217 11
217 12 217 23
217 24 217 35
217 36 217 47
217 48 217 59
217 60 217 71
217 72 217 82
217 83 217 92
217 93 217 104
217 105 217 116
217 117 217 128
217 129 217 140
217 141 217 152
217 153 217 164
217 165 217 176
217 177 217 188
217 189 217 199
218 0 218 11
218 12 218 23
218 24 218 33
218 34 218 44
218 45 218 54
218 55 218 66
218 67 218 78
218 79 218 90
218 91 218 102
218 103 218 114
218 115 218 126
218 127 218 138
218 139 218 150
218 151 218 160
218 161 218 170
218 171 218 181
218 182 218 193
219 0 219 11
219 12 219 23
219 24 219 35
219 36 219 47
219 48 219 59
219 60 219 71
219 72 219 83
219 84 219 95
219 96 219 107
219 108 219 118
219 119 219 130
219 131 219 141
219 142 219 153
219 154 219 165
219 166 219 177
219 178 219 188
219 189 219 199
220 0 220 8
220 9 220 20
220 21 220 32
220 33 220 44
220 45 220 53
220 54 220 64
220 65 220 73
220 74 220 82
220 83 220 94
220 95 220 106
220 107 220 118
220 119 220 130
220 131 220 142
220 143 220 154
220 155 220 166
220 167 220 178
220 179 220 190
220 191 220 199
221 0 221 11
221 12 221 23
221 24 221 35
221 36 221 45
221 46 221 54
221 55 221 64
221 65 221 76
221 77 221 88
221 89 221 98
221 99 221 110
221 111 221 122
221 123 221 134
221 135 221 146
221 147 221 158
221 159 221 170
221 171 221 180
221 181 221 190
221 191 221 199
222 0 222 9
222 10 222 21
222 22 222 33
222 34 222 45
222 46 222 57
222 58 222 69
222 70 222 81
222 82 222 93
222 94 222 105
222 106 222 117
222 118 222 129
222 130 222 141
222 142 222 153
222 154 222 162
222 163 222 172
222 173 222 183
222 184 222 195
223 0 223 11
223 12 223 23
223 26 223 37
223 38 223 49
223 50 223 61
223 62 223 73
223 74 223 85
223 86 223 97
223 98 223 109
223 110 223 121
223 122 223 131
223 132 223 143
223 144 223 153
223 154 223 165
223 166 223 177
223 178 223 189
223 190 223 199
224 0 224 11
224 12 224 23
224 24 224 35
224 36 224 47
224 48 224 59
224 60 224 71
224 72 224 83
224 84 224 95
224 96 224 107
224 108 224 119
224 120 224 131
224 132 224 143
224 144 224 155
224 156 224 167
224 168 224 179
224 180 224 190
224 191 224 199
225 0 225 11
225 12 225 23
225 24 225 35
225 37 225 48
225 49 225 60
225 61 225 72
225 73 225 84
225 85 225 96
225 97 225 108
225 109 225 120
225 121 225 132
225 133 225 144
225 145 225 156
225 157 225 168
225 169 225 180
225 185 225 196
226 0 226 11
226 19 226 30
226 31 226 42
226 43 226 54
226 55 226 65
226 66 226 77
226 78 226 89
226 90 226 101
226 102 226 113
226 114 226 123
226 124 226 134
226 135 226 146
226 147 226 155
226 156 226 164
226 165 226 174
226 175 226 186
226 187 226 198
227 0 227 11
227 16 227 27
227 28 227 39
227 40 227 51
227 52 227 63
227 64 227 75
227 76 227 87
227 88 227 99
227 100 227 111
227 112 227 123
227 124 227 135
227 136 227 147
227 148 227 159
227 160 227 169
227 170 227 181
227 182 227 193
228 0 228 9
228 10 228 21
228 22 228 33
228 34 228 42
228 43 228 54
228 62 228 73
228 74 228 85
228 86 228 97
228 98 228 109
228 110 228 121
228 122 228 133
228 134 228 145
228 146 228 157
228 158 228 169
228 170 228 178
228 179 228 190
228 191 228 199
229 0 229 11
229 12 229 23
229 24 229 35
229 36 229 47
229 48 229 59
229 60 229 71
229 72 229 83
229 84 229 93
229 94 229 105
229 106 229 117
229 118 229 129
229 130 229 141
229 142 229 151
229 152 229 160
229 161 229 169
229 170 229 180
229 181 229 192
230 1 230 12
230 13 230 24
230 25 230 36
230 37 230 48
230 49 230 60
230 61 230 72
230 73 230 84
230 85 230 96
230 97 230 108
230 109 230 119
230 120 230 131
230 132 230 143
230 144 230 155
230 156 230 167
230 168 230 179
230 180 230 190
230 191 230 199
231 0 231 10
231 11 231 22
231 23 231 34
231 35 231 46
231 47 231 58
231 59 231 70
231 71 231 79
231 80 231 88
231 89 231 99
231 100 231 111
231 112 231 122
231 123 231 134
231 135 231 146
231 148 231 159
231 160 231 171
231 172 231 181
231 182 231 190
231 191 231 199
232 0 232 10
232 11 232 19
232 20 232 31
232 32 232 43
232 44 232 55
232 56 232 67
232 68 232 78
232 79 232 87
232 88 232 97
232 98 232 109
232 110 232 121
232 122 232 133
232 136 232 147
232 148 232 159
232 160 232 171
232 172 232 180
232 181 232 189
232 190 232 199
233 0 233 11
233 12 233 23
233 24 233 35
233 36 233 47
233 48 233 59
233 60 233 71
233 72 233 83
233 84 233 95
233 96 233 107
233 108 233 118
233 119 233 127
233 128 233 139
233 140 233 151
233 152 233 160
233 161 233 171
233 172 233 180
233 181 233 190
233 191 233 199
234 0 234 11
234 12 234 23
234 24 234 35
234 36 234 44
234 45 234 56
234 57 234 68
234 69 234 80
234 81 234 92
234 93 234 103
234 104 234 115
234 116 234 127
234 128 234 139
234 140 234 151
234 152 234 163
234 164 234 175
234 176 234 187
234 188 234 199
235 0 235 10
235 11 235 22
235 23 235 34
235 35 235 46
235 47 235 57
235 58 235 69
235 70 235 81
235 82 235 93
235 94 235 105
235 106 235 117
235 118 235 129
235 130 235 141
235 142 235 153
235 154 235 165
235 166 235 177
235 178 235 189
235 190 235 199
236 0 236 11
236 12 236 23
236 26 236 37
236 38 236 49
236 50 236 61
236 67 236 78
236 79 236 90
236 91 236 100
236 101 236 109
236 110 236 118
236 119 236 130
236 131 236 142
236 143 236 154
236 155 236 166
236 167 236 178
236 179 236 189
236 190 236 199
237 0 237 11
237 13 237 24
237 25 237 33
237 34 237 43
237 44 237 55
237 56 237 67
237 68 237 79
237 80 237 91
237 92 237 103
237 104 237 113
237 114 237 125
237 126 237 137
237 138 237 149
237 150 237 161
237 162 237 173
237 174 237 185
237 186 237 197
238 0 238 11
238 12 238 22
238 23 238 34
238 35 238 44
238 45 238 55
238 56 238 65
238 66 238 76
238 77 238 85
238 86 238 96
238 97 238 108
238 109 238 120
238 121 238 132
238 133 238 144
238 145 238 155
238 156 238 165
238 166 238 174
238 175 238 185
238 186 238 197
239 0 239 11
239 12 239 23
239 24 239 35
239 36 239 46
239 47 239 58
239 59 239 70
239 75 239 86
239 87 239 98
239 99 239 110
239 111 239 119
239 120 239 128
239 129 239 137
239 138 239 149
239 150 239 161
239 162 239 173
239 174 239 185
239 186 239 197
240 0 240 11
240 12 240 23
240 26 240 37
240 38 240 49
240 54 240 65
240 68 240 79
240 80 240 91
240 92 240 103
240 104 240 113
240 114 240 125
240 126 240 135
240 136 240 147
240 148 240 159
240 160 240 171
240 172 240 180
240 181 240 190
240 191 240 199
241 0 241 11
241 12 241 23
241 24 241 35
241 36 241 47
241 48 241 58
241 59 241 67
241 68 241 79
241 80 241 91
241 92 241 103
241 104 241 115
241 116 241 127
241 128 241 139
241 140 241 149
241 150 241 158
241 159 241 167
241 168 241 179
241 180 241 190
241 191 241 199
242 0 242 11
242 12 242 23
242 24 242 35
242 36 242 47
242 48 242 59
242 60 242 69
242 70 242 81
242 82 242 93
242 94 242 105
242 106 242 117
242 118 242 128
242 129 242 138
242 139 242 149
242 150 242 161
242 162 242 171
242 172 242 183
242 185 242 196
243 0 243 11
243 12 243 23
243 24 243 33
243 34 243 42
243 43 243 54
243 55 243 66
243 67 243 75
243 76 243 87
243 88 243 99
243 100 243 111
243 112 243 121
243 122 243 131
243 132 243 143
243 146 243 157
243 158 243 169
243 170 243 181
243 182 243 193
244 0 244 11
244 12 244 23
244 24 244 35
244 36 244 47
244 48 244 59
244 60 244 71
244 72 244 83
244 84 244 94
244 95 244 103
244 104 244 112
244 113 244 121
244 122 244 133
244 134 244 145
244 150 244 161
244 162 244 170
244 171 244 182
244 183 244 194
245 0 245 10
245 11 245 19
245 20 245 28
245 29 245 39
245 40 245 48
245 49 245 60
245 61 245 72
245 73 245 84
245 85 245 96
245 97 245 108
245 109 245 120
245 121 245 131
245 132 245 143
245 144 245 155
245 156 245 166
245 167 245 178
245 179 245 190
245 191 245 199
246 0 246 11
246 12 246 23
246 24 246 33
246 34 246 42
246 43 246 53
246 54 246 64
246 65 246 76
246 77 246 86
246 87 246 98
246 99 246 110
246 111 246 122
246 123 246 134
246 135 246 146
246 147 246 158
246 159 246 170
246 171 246 181
246 182 246 190
246 191 246 199
247 0 247 11
247 12 247 20
247 21 247 32
247 33 247 44
247 45 247 56
247 57 247 68
247 69 247 80
247 81 247 92
247 93 247 104
247 105 247 116
247 117 247 128
247 129 247 139
247 140 247 149
247 150 247 159
247 160 247 168
247 169 247 180
247 181 247 189
247 190 247 199
248 0 248 11
248 12 248 23
248 24 248 35
248 36 248 47
248 48 248 59
248 60 248 69
248 70 248 81
248 82 248 93
248 94 248 105
248 106 248 117
248 118 248 129
248 130 248 141
248 142 248 153
248 154 248 165
248 166 248 177
248 178 248 188
248 189 248 199
249 0 249 11
249 12 249 23
249 24 249 35
249 36 249 47
249 48 249 59
249 60 249 71
249 72 249 80
249 81 249 92
249 93 249 104
249 108 249 119
249 120 249 131
249 132 249 143
249 144 249 155
249 156 249 167
249 168 249 179
249 180 249 189
249 190 249 199
